<?xml version="1.0" encoding="UTF-8"?>
<testsuite name="jpabook.jpashop.service.ItemUpdateTest" tests="1" skipped="0" failures="0" errors="0" timestamp="2023-12-21T03:45:23" hostname="BOOK-D932KDG6L2" time="0.006">
  <properties/>
  <testcase name="updateTest()" classname="jpabook.jpashop.service.ItemUpdateTest" time="0.006"/>
  <system-out><![CDATA[2023-12-21 12:45:23.198  INFO 19872 --- [    Test worker] .b.t.c.SpringBootTestContextBootstrapper : Neither @ContextConfiguration nor @ContextHierarchy found for test class [jpabook.jpashop.service.ItemUpdateTest], using SpringBootContextLoader
2023-12-21 12:45:23.199  INFO 19872 --- [    Test worker] o.s.t.c.support.AbstractContextLoader    : Could not detect default resource locations for test class [jpabook.jpashop.service.ItemUpdateTest]: no resource found for suffixes {-context.xml, Context.groovy}.
2023-12-21 12:45:23.199  INFO 19872 --- [    Test worker] t.c.s.AnnotationConfigContextLoaderUtils : Could not detect default configuration classes for test class [jpabook.jpashop.service.ItemUpdateTest]: ItemUpdateTest does not declare any static, non-private, non-final, nested classes annotated with @Configuration.
2023-12-21 12:45:23.211  INFO 19872 --- [    Test worker] .b.t.c.SpringBootTestContextBootstrapper : Found @SpringBootConfiguration jpabook.jpashop.JpashopApplication for test class jpabook.jpashop.service.ItemUpdateTest
2023-12-21 12:45:23.213  INFO 19872 --- [    Test worker] .b.t.c.SpringBootTestContextBootstrapper : Loaded default TestExecutionListener class names from location [META-INF/spring.factories]: [org.springframework.boot.test.autoconfigure.restdocs.RestDocsTestExecutionListener, org.springframework.boot.test.autoconfigure.web.client.MockRestServiceServerResetTestExecutionListener, org.springframework.boot.test.autoconfigure.web.servlet.MockMvcPrintOnlyOnFailureTestExecutionListener, org.springframework.boot.test.autoconfigure.web.servlet.WebDriverTestExecutionListener, org.springframework.boot.test.autoconfigure.webservices.client.MockWebServiceServerTestExecutionListener, org.springframework.boot.test.mock.mockito.MockitoTestExecutionListener, org.springframework.boot.test.mock.mockito.ResetMocksTestExecutionListener, org.springframework.test.context.web.ServletTestExecutionListener, org.springframework.test.context.support.DirtiesContextBeforeModesTestExecutionListener, org.springframework.test.context.event.ApplicationEventsTestExecutionListener, org.springframework.test.context.support.DependencyInjectionTestExecutionListener, org.springframework.test.context.support.DirtiesContextTestExecutionListener, org.springframework.test.context.transaction.TransactionalTestExecutionListener, org.springframework.test.context.jdbc.SqlScriptsTestExecutionListener, org.springframework.test.context.event.EventPublishingTestExecutionListener]
2023-12-21 12:45:23.214  INFO 19872 --- [    Test worker] .b.t.c.SpringBootTestContextBootstrapper : Using TestExecutionListeners: [org.springframework.test.context.web.ServletTestExecutionListener@18bab95b, org.springframework.test.context.support.DirtiesContextBeforeModesTestExecutionListener@70e07ef8, org.springframework.test.context.event.ApplicationEventsTestExecutionListener@771b2b5b, org.springframework.boot.test.mock.mockito.MockitoTestExecutionListener@1aa64998, org.springframework.boot.test.autoconfigure.SpringBootDependencyInjectionTestExecutionListener@571b4bf6, org.springframework.test.context.support.DirtiesContextTestExecutionListener@24ffe853, org.springframework.test.context.transaction.TransactionalTestExecutionListener@a904e64, org.springframework.test.context.jdbc.SqlScriptsTestExecutionListener@22d23c27, org.springframework.test.context.event.EventPublishingTestExecutionListener@2f1b8770, org.springframework.boot.test.autoconfigure.restdocs.RestDocsTestExecutionListener@74fd5fb0, org.springframework.boot.test.autoconfigure.web.client.MockRestServiceServerResetTestExecutionListener@7c16cc25, org.springframework.boot.test.autoconfigure.web.servlet.MockMvcPrintOnlyOnFailureTestExecutionListener@4f96e484, org.springframework.boot.test.autoconfigure.web.servlet.WebDriverTestExecutionListener@3cc5ca01, org.springframework.boot.test.autoconfigure.webservices.client.MockWebServiceServerTestExecutionListener@22db12f6, org.springframework.boot.test.mock.mockito.ResetMocksTestExecutionListener@68e6856c]
]]></system-out>
  <system-err><![CDATA[]]></system-err>
</testsuite>
