<?xml version="1.0" encoding="UTF-8"?>
<testsuite name="jpabook.jpashop.service.MemberServiceTest" tests="2" skipped="0" failures="0" errors="0" timestamp="2023-12-21T03:45:23" hostname="BOOK-D932KDG6L2" time="0.32">
  <properties/>
  <testcase name="중복_회원_예외()" classname="jpabook.jpashop.service.MemberServiceTest" time="0.292"/>
  <testcase name="회원가입()" classname="jpabook.jpashop.service.MemberServiceTest" time="0.026"/>
  <system-out><![CDATA[2023-12-21 12:45:23.225  INFO 19872 --- [    Test worker] .b.t.c.SpringBootTestContextBootstrapper : Neither @ContextConfiguration nor @ContextHierarchy found for test class [jpabook.jpashop.service.MemberServiceTest], using SpringBootContextLoader
2023-12-21 12:45:23.227  INFO 19872 --- [    Test worker] o.s.t.c.support.AbstractContextLoader    : Could not detect default resource locations for test class [jpabook.jpashop.service.MemberServiceTest]: no resource found for suffixes {-context.xml, Context.groovy}.
2023-12-21 12:45:23.227  INFO 19872 --- [    Test worker] t.c.s.AnnotationConfigContextLoaderUtils : Could not detect default configuration classes for test class [jpabook.jpashop.service.MemberServiceTest]: MemberServiceTest does not declare any static, non-private, non-final, nested classes annotated with @Configuration.
2023-12-21 12:45:23.230  INFO 19872 --- [    Test worker] .b.t.c.SpringBootTestContextBootstrapper : Found @SpringBootConfiguration jpabook.jpashop.JpashopApplication for test class jpabook.jpashop.service.MemberServiceTest
2023-12-21 12:45:23.231  INFO 19872 --- [    Test worker] .b.t.c.SpringBootTestContextBootstrapper : Loaded default TestExecutionListener class names from location [META-INF/spring.factories]: [org.springframework.boot.test.autoconfigure.restdocs.RestDocsTestExecutionListener, org.springframework.boot.test.autoconfigure.web.client.MockRestServiceServerResetTestExecutionListener, org.springframework.boot.test.autoconfigure.web.servlet.MockMvcPrintOnlyOnFailureTestExecutionListener, org.springframework.boot.test.autoconfigure.web.servlet.WebDriverTestExecutionListener, org.springframework.boot.test.autoconfigure.webservices.client.MockWebServiceServerTestExecutionListener, org.springframework.boot.test.mock.mockito.MockitoTestExecutionListener, org.springframework.boot.test.mock.mockito.ResetMocksTestExecutionListener, org.springframework.test.context.web.ServletTestExecutionListener, org.springframework.test.context.support.DirtiesContextBeforeModesTestExecutionListener, org.springframework.test.context.event.ApplicationEventsTestExecutionListener, org.springframework.test.context.support.DependencyInjectionTestExecutionListener, org.springframework.test.context.support.DirtiesContextTestExecutionListener, org.springframework.test.context.transaction.TransactionalTestExecutionListener, org.springframework.test.context.jdbc.SqlScriptsTestExecutionListener, org.springframework.test.context.event.EventPublishingTestExecutionListener]
2023-12-21 12:45:23.232  INFO 19872 --- [    Test worker] .b.t.c.SpringBootTestContextBootstrapper : Using TestExecutionListeners: [org.springframework.test.context.web.ServletTestExecutionListener@389fad5b, org.springframework.test.context.support.DirtiesContextBeforeModesTestExecutionListener@5d72da0b, org.springframework.test.context.event.ApplicationEventsTestExecutionListener@285b63eb, org.springframework.boot.test.mock.mockito.MockitoTestExecutionListener@5a983f8a, org.springframework.boot.test.autoconfigure.SpringBootDependencyInjectionTestExecutionListener@1fa8a4f7, org.springframework.test.context.support.DirtiesContextTestExecutionListener@54c1878b, org.springframework.test.context.transaction.TransactionalTestExecutionListener@27f6e2c3, org.springframework.test.context.jdbc.SqlScriptsTestExecutionListener@3c89fdd8, org.springframework.test.context.event.EventPublishingTestExecutionListener@665c79a2, org.springframework.boot.test.autoconfigure.restdocs.RestDocsTestExecutionListener@3e79473d, org.springframework.boot.test.autoconfigure.web.client.MockRestServiceServerResetTestExecutionListener@2e895acb, org.springframework.boot.test.autoconfigure.web.servlet.MockMvcPrintOnlyOnFailureTestExecutionListener@5d1d05ff, org.springframework.boot.test.autoconfigure.web.servlet.WebDriverTestExecutionListener@5889e697, org.springframework.boot.test.autoconfigure.webservices.client.MockWebServiceServerTestExecutionListener@2c3d1214, org.springframework.boot.test.mock.mockito.ResetMocksTestExecutionListener@48064a5a]
2023-12-21 12:45:23.246  INFO 19872 --- [    Test worker] o.s.t.c.transaction.TransactionContext   : Began transaction (1) for test context [DefaultTestContext@12115c28 testClass = MemberServiceTest, testInstance = jpabook.jpashop.service.MemberServiceTest@cc3fc5c, testMethod = 중복_회원_예외@MemberServiceTest, testException = [null], mergedContextConfiguration = [WebMergedContextConfiguration@2aac60b testClass = MemberServiceTest, locations = '{}', classes = '{class jpabook.jpashop.JpashopApplication}', contextInitializerClasses = '[]', activeProfiles = '{}', propertySourceLocations = '{}', propertySourceProperties = '{org.springframework.boot.test.context.SpringBootTestContextBootstrapper=true}', contextCustomizers = set[org.springframework.boot.test.autoconfigure.actuate.metrics.MetricsExportContextCustomizerFactory$DisableMetricExportContextCustomizer@60d1a32f, org.springframework.boot.test.autoconfigure.properties.PropertyMappingContextCustomizer@0, org.springframework.boot.test.autoconfigure.web.servlet.WebDriverContextCustomizerFactory$Customizer@4678a2eb, org.springframework.boot.test.context.filter.ExcludeFilterContextCustomizer@1fdfafd2, org.springframework.boot.test.json.DuplicateJsonObjectContextCustomizerFactory$DuplicateJsonObjectContextCustomizer@6d304f9d, org.springframework.boot.test.mock.mockito.MockitoContextCustomizer@0, org.springframework.boot.test.web.client.TestRestTemplateContextCustomizer@666b83a4, org.springframework.boot.test.context.SpringBootTestArgs@1, org.springframework.boot.test.context.SpringBootTestWebEnvironment@495ee280], resourceBasePath = 'src/main/webapp', contextLoader = 'org.springframework.boot.test.context.SpringBootContextLoader', parent = [null]], attributes = map['org.springframework.test.context.web.ServletTestExecutionListener.activateListener' -> true, 'org.springframework.test.context.web.ServletTestExecutionListener.populatedRequestContextHolder' -> true, 'org.springframework.test.context.web.ServletTestExecutionListener.resetRequestContextHolder' -> true, 'org.springframework.test.context.event.ApplicationEventsTestExecutionListener.recordApplicationEvents' -> false]]; transaction manager [org.springframework.orm.jpa.JpaTransactionManager@1bf4a79b]; rollback [true]
2023-12-21 12:45:23.427 DEBUG 19872 --- [    Test worker] org.hibernate.SQL                        : 
    select
        member0_.member_id as member_i1_4_,
        member0_.city as city2_4_,
        member0_.street as street3_4_,
        member0_.zipcode as zipcode4_4_,
        member0_.name as name5_4_ 
    from
        member member0_ 
    where
        member0_.name=?
2023-12-21 12:45:23.435 TRACE 19872 --- [    Test worker] o.h.type.descriptor.sql.BasicBinder      : binding parameter [1] as [VARCHAR] - [kim1]
2023-12-21 12:45:23.440  INFO 19872 --- [    Test worker] p6spy                                    : #1703130323440 | took 3ms | statement | connection 3| url jdbc:h2:mem:test
select member0_.member_id as member_i1_4_, member0_.city as city2_4_, member0_.street as street3_4_, member0_.zipcode as zipcode4_4_, member0_.name as name5_4_ from member member0_ where member0_.name=?
select member0_.member_id as member_i1_4_, member0_.city as city2_4_, member0_.street as street3_4_, member0_.zipcode as zipcode4_4_, member0_.name as name5_4_ from member member0_ where member0_.name='kim1';
2023-12-21 12:45:23.463 DEBUG 19872 --- [    Test worker] org.hibernate.SQL                        : 
    call next value for hibernate_sequence
2023-12-21 12:45:23.465  INFO 19872 --- [    Test worker] p6spy                                    : #1703130323465 | took 1ms | statement | connection 3| url jdbc:h2:mem:test
call next value for hibernate_sequence
call next value for hibernate_sequence;
2023-12-21 12:45:23.509 DEBUG 19872 --- [    Test worker] org.hibernate.SQL                        : 
    insert 
    into
        member
        (city, street, zipcode, name, member_id) 
    values
        (?, ?, ?, ?, ?)
2023-12-21 12:45:23.510 TRACE 19872 --- [    Test worker] o.h.type.descriptor.sql.BasicBinder      : binding parameter [1] as [VARCHAR] - [null]
2023-12-21 12:45:23.510 TRACE 19872 --- [    Test worker] o.h.type.descriptor.sql.BasicBinder      : binding parameter [2] as [VARCHAR] - [null]
2023-12-21 12:45:23.510 TRACE 19872 --- [    Test worker] o.h.type.descriptor.sql.BasicBinder      : binding parameter [3] as [VARCHAR] - [null]
2023-12-21 12:45:23.510 TRACE 19872 --- [    Test worker] o.h.type.descriptor.sql.BasicBinder      : binding parameter [4] as [VARCHAR] - [kim1]
2023-12-21 12:45:23.511 TRACE 19872 --- [    Test worker] o.h.type.descriptor.sql.BasicBinder      : binding parameter [5] as [BIGINT] - [1]
2023-12-21 12:45:23.512  INFO 19872 --- [    Test worker] p6spy                                    : #1703130323512 | took 0ms | statement | connection 3| url jdbc:h2:mem:test
insert into member (city, street, zipcode, name, member_id) values (?, ?, ?, ?, ?)
insert into member (city, street, zipcode, name, member_id) values (NULL, NULL, NULL, 'kim1', 1);
2023-12-21 12:45:23.518 DEBUG 19872 --- [    Test worker] org.hibernate.SQL                        : 
    select
        member0_.member_id as member_i1_4_,
        member0_.city as city2_4_,
        member0_.street as street3_4_,
        member0_.zipcode as zipcode4_4_,
        member0_.name as name5_4_ 
    from
        member member0_ 
    where
        member0_.name=?
2023-12-21 12:45:23.518 TRACE 19872 --- [    Test worker] o.h.type.descriptor.sql.BasicBinder      : binding parameter [1] as [VARCHAR] - [kim1]
2023-12-21 12:45:23.519  INFO 19872 --- [    Test worker] p6spy                                    : #1703130323519 | took 0ms | statement | connection 3| url jdbc:h2:mem:test
select member0_.member_id as member_i1_4_, member0_.city as city2_4_, member0_.street as street3_4_, member0_.zipcode as zipcode4_4_, member0_.name as name5_4_ from member member0_ where member0_.name=?
select member0_.member_id as member_i1_4_, member0_.city as city2_4_, member0_.street as street3_4_, member0_.zipcode as zipcode4_4_, member0_.name as name5_4_ from member member0_ where member0_.name='kim1';
2023-12-21 12:45:23.520 TRACE 19872 --- [    Test worker] o.h.type.descriptor.sql.BasicExtractor   : extracted value ([member_i1_4_] : [BIGINT]) - [1]
2023-12-21 12:45:23.525  INFO 19872 --- [    Test worker] p6spy                                    : #1703130323525 | took 0ms | rollback | connection 3| url jdbc:h2:mem:test

;
2023-12-21 12:45:23.527  INFO 19872 --- [    Test worker] o.s.t.c.transaction.TransactionContext   : Rolled back transaction for test: [DefaultTestContext@12115c28 testClass = MemberServiceTest, testInstance = jpabook.jpashop.service.MemberServiceTest@cc3fc5c, testMethod = 중복_회원_예외@MemberServiceTest, testException = [null], mergedContextConfiguration = [WebMergedContextConfiguration@2aac60b testClass = MemberServiceTest, locations = '{}', classes = '{class jpabook.jpashop.JpashopApplication}', contextInitializerClasses = '[]', activeProfiles = '{}', propertySourceLocations = '{}', propertySourceProperties = '{org.springframework.boot.test.context.SpringBootTestContextBootstrapper=true}', contextCustomizers = set[org.springframework.boot.test.autoconfigure.actuate.metrics.MetricsExportContextCustomizerFactory$DisableMetricExportContextCustomizer@60d1a32f, org.springframework.boot.test.autoconfigure.properties.PropertyMappingContextCustomizer@0, org.springframework.boot.test.autoconfigure.web.servlet.WebDriverContextCustomizerFactory$Customizer@4678a2eb, org.springframework.boot.test.context.filter.ExcludeFilterContextCustomizer@1fdfafd2, org.springframework.boot.test.json.DuplicateJsonObjectContextCustomizerFactory$DuplicateJsonObjectContextCustomizer@6d304f9d, org.springframework.boot.test.mock.mockito.MockitoContextCustomizer@0, org.springframework.boot.test.web.client.TestRestTemplateContextCustomizer@666b83a4, org.springframework.boot.test.context.SpringBootTestArgs@1, org.springframework.boot.test.context.SpringBootTestWebEnvironment@495ee280], resourceBasePath = 'src/main/webapp', contextLoader = 'org.springframework.boot.test.context.SpringBootContextLoader', parent = [null]], attributes = map['org.springframework.test.context.web.ServletTestExecutionListener.activateListener' -> true, 'org.springframework.test.context.web.ServletTestExecutionListener.populatedRequestContextHolder' -> true, 'org.springframework.test.context.web.ServletTestExecutionListener.resetRequestContextHolder' -> true, 'org.springframework.test.context.event.ApplicationEventsTestExecutionListener.recordApplicationEvents' -> false]]
2023-12-21 12:45:23.531  INFO 19872 --- [    Test worker] o.s.t.c.transaction.TransactionContext   : Began transaction (1) for test context [DefaultTestContext@12115c28 testClass = MemberServiceTest, testInstance = jpabook.jpashop.service.MemberServiceTest@586a9fe1, testMethod = 회원가입@MemberServiceTest, testException = [null], mergedContextConfiguration = [WebMergedContextConfiguration@2aac60b testClass = MemberServiceTest, locations = '{}', classes = '{class jpabook.jpashop.JpashopApplication}', contextInitializerClasses = '[]', activeProfiles = '{}', propertySourceLocations = '{}', propertySourceProperties = '{org.springframework.boot.test.context.SpringBootTestContextBootstrapper=true}', contextCustomizers = set[org.springframework.boot.test.autoconfigure.actuate.metrics.MetricsExportContextCustomizerFactory$DisableMetricExportContextCustomizer@60d1a32f, org.springframework.boot.test.autoconfigure.properties.PropertyMappingContextCustomizer@0, org.springframework.boot.test.autoconfigure.web.servlet.WebDriverContextCustomizerFactory$Customizer@4678a2eb, org.springframework.boot.test.context.filter.ExcludeFilterContextCustomizer@1fdfafd2, org.springframework.boot.test.json.DuplicateJsonObjectContextCustomizerFactory$DuplicateJsonObjectContextCustomizer@6d304f9d, org.springframework.boot.test.mock.mockito.MockitoContextCustomizer@0, org.springframework.boot.test.web.client.TestRestTemplateContextCustomizer@666b83a4, org.springframework.boot.test.context.SpringBootTestArgs@1, org.springframework.boot.test.context.SpringBootTestWebEnvironment@495ee280], resourceBasePath = 'src/main/webapp', contextLoader = 'org.springframework.boot.test.context.SpringBootContextLoader', parent = [null]], attributes = map['org.springframework.test.context.web.ServletTestExecutionListener.activateListener' -> true, 'org.springframework.test.context.web.ServletTestExecutionListener.populatedRequestContextHolder' -> true, 'org.springframework.test.context.web.ServletTestExecutionListener.resetRequestContextHolder' -> true, 'org.springframework.test.context.event.ApplicationEventsTestExecutionListener.recordApplicationEvents' -> false]]; transaction manager [org.springframework.orm.jpa.JpaTransactionManager@1bf4a79b]; rollback [true]
2023-12-21 12:45:23.533 DEBUG 19872 --- [    Test worker] org.hibernate.SQL                        : 
    select
        member0_.member_id as member_i1_4_,
        member0_.city as city2_4_,
        member0_.street as street3_4_,
        member0_.zipcode as zipcode4_4_,
        member0_.name as name5_4_ 
    from
        member member0_ 
    where
        member0_.name=?
2023-12-21 12:45:23.534 TRACE 19872 --- [    Test worker] o.h.type.descriptor.sql.BasicBinder      : binding parameter [1] as [VARCHAR] - [kim]
2023-12-21 12:45:23.534  INFO 19872 --- [    Test worker] p6spy                                    : #1703130323534 | took 0ms | statement | connection 4| url jdbc:h2:mem:test
select member0_.member_id as member_i1_4_, member0_.city as city2_4_, member0_.street as street3_4_, member0_.zipcode as zipcode4_4_, member0_.name as name5_4_ from member member0_ where member0_.name=?
select member0_.member_id as member_i1_4_, member0_.city as city2_4_, member0_.street as street3_4_, member0_.zipcode as zipcode4_4_, member0_.name as name5_4_ from member member0_ where member0_.name='kim';
2023-12-21 12:45:23.535 DEBUG 19872 --- [    Test worker] org.hibernate.SQL                        : 
    call next value for hibernate_sequence
2023-12-21 12:45:23.536  INFO 19872 --- [    Test worker] p6spy                                    : #1703130323535 | took 0ms | statement | connection 4| url jdbc:h2:mem:test
call next value for hibernate_sequence
call next value for hibernate_sequence;
2023-12-21 12:45:23.554  INFO 19872 --- [    Test worker] p6spy                                    : #1703130323554 | took 0ms | rollback | connection 4| url jdbc:h2:mem:test

;
2023-12-21 12:45:23.554  INFO 19872 --- [    Test worker] o.s.t.c.transaction.TransactionContext   : Rolled back transaction for test: [DefaultTestContext@12115c28 testClass = MemberServiceTest, testInstance = jpabook.jpashop.service.MemberServiceTest@586a9fe1, testMethod = 회원가입@MemberServiceTest, testException = [null], mergedContextConfiguration = [WebMergedContextConfiguration@2aac60b testClass = MemberServiceTest, locations = '{}', classes = '{class jpabook.jpashop.JpashopApplication}', contextInitializerClasses = '[]', activeProfiles = '{}', propertySourceLocations = '{}', propertySourceProperties = '{org.springframework.boot.test.context.SpringBootTestContextBootstrapper=true}', contextCustomizers = set[org.springframework.boot.test.autoconfigure.actuate.metrics.MetricsExportContextCustomizerFactory$DisableMetricExportContextCustomizer@60d1a32f, org.springframework.boot.test.autoconfigure.properties.PropertyMappingContextCustomizer@0, org.springframework.boot.test.autoconfigure.web.servlet.WebDriverContextCustomizerFactory$Customizer@4678a2eb, org.springframework.boot.test.context.filter.ExcludeFilterContextCustomizer@1fdfafd2, org.springframework.boot.test.json.DuplicateJsonObjectContextCustomizerFactory$DuplicateJsonObjectContextCustomizer@6d304f9d, org.springframework.boot.test.mock.mockito.MockitoContextCustomizer@0, org.springframework.boot.test.web.client.TestRestTemplateContextCustomizer@666b83a4, org.springframework.boot.test.context.SpringBootTestArgs@1, org.springframework.boot.test.context.SpringBootTestWebEnvironment@495ee280], resourceBasePath = 'src/main/webapp', contextLoader = 'org.springframework.boot.test.context.SpringBootContextLoader', parent = [null]], attributes = map['org.springframework.test.context.web.ServletTestExecutionListener.activateListener' -> true, 'org.springframework.test.context.web.ServletTestExecutionListener.populatedRequestContextHolder' -> true, 'org.springframework.test.context.web.ServletTestExecutionListener.resetRequestContextHolder' -> true, 'org.springframework.test.context.event.ApplicationEventsTestExecutionListener.recordApplicationEvents' -> false]]
]]></system-out>
  <system-err><![CDATA[]]></system-err>
</testsuite>
