<?xml version="1.0" encoding="UTF-8"?>
<testsuite name="jpabook.jpashop.service.OrderServiceTest" tests="3" skipped="0" failures="0" errors="0" timestamp="2023-12-21T03:45:23" hostname="BOOK-D932KDG6L2" time="0.077">
  <properties/>
  <testcase name="상품주문_재고수량초과()" classname="jpabook.jpashop.service.OrderServiceTest" time="0.028"/>
  <testcase name="상품주문()" classname="jpabook.jpashop.service.OrderServiceTest" time="0.03"/>
  <testcase name="주문취소()" classname="jpabook.jpashop.service.OrderServiceTest" time="0.016"/>
  <system-out><![CDATA[2023-12-21 12:45:23.558  INFO 19872 --- [    Test worker] .b.t.c.SpringBootTestContextBootstrapper : Neither @ContextConfiguration nor @ContextHierarchy found for test class [jpabook.jpashop.service.OrderServiceTest], using SpringBootContextLoader
2023-12-21 12:45:23.559  INFO 19872 --- [    Test worker] o.s.t.c.support.AbstractContextLoader    : Could not detect default resource locations for test class [jpabook.jpashop.service.OrderServiceTest]: no resource found for suffixes {-context.xml, Context.groovy}.
2023-12-21 12:45:23.559  INFO 19872 --- [    Test worker] t.c.s.AnnotationConfigContextLoaderUtils : Could not detect default configuration classes for test class [jpabook.jpashop.service.OrderServiceTest]: OrderServiceTest does not declare any static, non-private, non-final, nested classes annotated with @Configuration.
2023-12-21 12:45:23.561  INFO 19872 --- [    Test worker] .b.t.c.SpringBootTestContextBootstrapper : Found @SpringBootConfiguration jpabook.jpashop.JpashopApplication for test class jpabook.jpashop.service.OrderServiceTest
2023-12-21 12:45:23.563  INFO 19872 --- [    Test worker] .b.t.c.SpringBootTestContextBootstrapper : Loaded default TestExecutionListener class names from location [META-INF/spring.factories]: [org.springframework.boot.test.autoconfigure.restdocs.RestDocsTestExecutionListener, org.springframework.boot.test.autoconfigure.web.client.MockRestServiceServerResetTestExecutionListener, org.springframework.boot.test.autoconfigure.web.servlet.MockMvcPrintOnlyOnFailureTestExecutionListener, org.springframework.boot.test.autoconfigure.web.servlet.WebDriverTestExecutionListener, org.springframework.boot.test.autoconfigure.webservices.client.MockWebServiceServerTestExecutionListener, org.springframework.boot.test.mock.mockito.MockitoTestExecutionListener, org.springframework.boot.test.mock.mockito.ResetMocksTestExecutionListener, org.springframework.test.context.web.ServletTestExecutionListener, org.springframework.test.context.support.DirtiesContextBeforeModesTestExecutionListener, org.springframework.test.context.event.ApplicationEventsTestExecutionListener, org.springframework.test.context.support.DependencyInjectionTestExecutionListener, org.springframework.test.context.support.DirtiesContextTestExecutionListener, org.springframework.test.context.transaction.TransactionalTestExecutionListener, org.springframework.test.context.jdbc.SqlScriptsTestExecutionListener, org.springframework.test.context.event.EventPublishingTestExecutionListener]
2023-12-21 12:45:23.563  INFO 19872 --- [    Test worker] .b.t.c.SpringBootTestContextBootstrapper : Using TestExecutionListeners: [org.springframework.test.context.web.ServletTestExecutionListener@48463900, org.springframework.test.context.support.DirtiesContextBeforeModesTestExecutionListener@5834298c, org.springframework.test.context.event.ApplicationEventsTestExecutionListener@7c070e78, org.springframework.boot.test.mock.mockito.MockitoTestExecutionListener@63ead376, org.springframework.boot.test.autoconfigure.SpringBootDependencyInjectionTestExecutionListener@1a1d7832, org.springframework.test.context.support.DirtiesContextTestExecutionListener@639c5ab4, org.springframework.test.context.transaction.TransactionalTestExecutionListener@272cec71, org.springframework.test.context.jdbc.SqlScriptsTestExecutionListener@12e8ea81, org.springframework.test.context.event.EventPublishingTestExecutionListener@6345dc06, org.springframework.boot.test.autoconfigure.restdocs.RestDocsTestExecutionListener@628d6320, org.springframework.boot.test.autoconfigure.web.client.MockRestServiceServerResetTestExecutionListener@22025464, org.springframework.boot.test.autoconfigure.web.servlet.MockMvcPrintOnlyOnFailureTestExecutionListener@77eb0e47, org.springframework.boot.test.autoconfigure.web.servlet.WebDriverTestExecutionListener@3a034950, org.springframework.boot.test.autoconfigure.webservices.client.MockWebServiceServerTestExecutionListener@331eb953, org.springframework.boot.test.mock.mockito.ResetMocksTestExecutionListener@38f7a20]
2023-12-21 12:45:23.568  INFO 19872 --- [    Test worker] o.s.t.c.transaction.TransactionContext   : Began transaction (1) for test context [DefaultTestContext@5ec921f1 testClass = OrderServiceTest, testInstance = jpabook.jpashop.service.OrderServiceTest@172ca6a, testMethod = 상품주문_재고수량초과@OrderServiceTest, testException = [null], mergedContextConfiguration = [WebMergedContextConfiguration@174e5929 testClass = OrderServiceTest, locations = '{}', classes = '{class jpabook.jpashop.JpashopApplication}', contextInitializerClasses = '[]', activeProfiles = '{}', propertySourceLocations = '{}', propertySourceProperties = '{org.springframework.boot.test.context.SpringBootTestContextBootstrapper=true}', contextCustomizers = set[org.springframework.boot.test.autoconfigure.actuate.metrics.MetricsExportContextCustomizerFactory$DisableMetricExportContextCustomizer@60d1a32f, org.springframework.boot.test.autoconfigure.properties.PropertyMappingContextCustomizer@0, org.springframework.boot.test.autoconfigure.web.servlet.WebDriverContextCustomizerFactory$Customizer@4678a2eb, org.springframework.boot.test.context.filter.ExcludeFilterContextCustomizer@1fdfafd2, org.springframework.boot.test.json.DuplicateJsonObjectContextCustomizerFactory$DuplicateJsonObjectContextCustomizer@6d304f9d, org.springframework.boot.test.mock.mockito.MockitoContextCustomizer@0, org.springframework.boot.test.web.client.TestRestTemplateContextCustomizer@666b83a4, org.springframework.boot.test.context.SpringBootTestArgs@1, org.springframework.boot.test.context.SpringBootTestWebEnvironment@495ee280], resourceBasePath = 'src/main/webapp', contextLoader = 'org.springframework.boot.test.context.SpringBootContextLoader', parent = [null]], attributes = map['org.springframework.test.context.web.ServletTestExecutionListener.activateListener' -> true, 'org.springframework.test.context.web.ServletTestExecutionListener.populatedRequestContextHolder' -> true, 'org.springframework.test.context.web.ServletTestExecutionListener.resetRequestContextHolder' -> true, 'org.springframework.test.context.event.ApplicationEventsTestExecutionListener.recordApplicationEvents' -> false]]; transaction manager [org.springframework.orm.jpa.JpaTransactionManager@1bf4a79b]; rollback [true]
2023-12-21 12:45:23.571 DEBUG 19872 --- [    Test worker] org.hibernate.SQL                        : 
    call next value for hibernate_sequence
2023-12-21 12:45:23.571  INFO 19872 --- [    Test worker] p6spy                                    : #1703130323571 | took 0ms | statement | connection 5| url jdbc:h2:mem:test
call next value for hibernate_sequence
call next value for hibernate_sequence;
2023-12-21 12:45:23.572 DEBUG 19872 --- [    Test worker] org.hibernate.SQL                        : 
    call next value for hibernate_sequence
2023-12-21 12:45:23.572  INFO 19872 --- [    Test worker] p6spy                                    : #1703130323572 | took 0ms | statement | connection 5| url jdbc:h2:mem:test
call next value for hibernate_sequence
call next value for hibernate_sequence;
2023-12-21 12:45:23.592  INFO 19872 --- [    Test worker] p6spy                                    : #1703130323592 | took 0ms | rollback | connection 5| url jdbc:h2:mem:test

;
2023-12-21 12:45:23.594  INFO 19872 --- [    Test worker] o.s.t.c.transaction.TransactionContext   : Rolled back transaction for test: [DefaultTestContext@5ec921f1 testClass = OrderServiceTest, testInstance = jpabook.jpashop.service.OrderServiceTest@172ca6a, testMethod = 상품주문_재고수량초과@OrderServiceTest, testException = [null], mergedContextConfiguration = [WebMergedContextConfiguration@174e5929 testClass = OrderServiceTest, locations = '{}', classes = '{class jpabook.jpashop.JpashopApplication}', contextInitializerClasses = '[]', activeProfiles = '{}', propertySourceLocations = '{}', propertySourceProperties = '{org.springframework.boot.test.context.SpringBootTestContextBootstrapper=true}', contextCustomizers = set[org.springframework.boot.test.autoconfigure.actuate.metrics.MetricsExportContextCustomizerFactory$DisableMetricExportContextCustomizer@60d1a32f, org.springframework.boot.test.autoconfigure.properties.PropertyMappingContextCustomizer@0, org.springframework.boot.test.autoconfigure.web.servlet.WebDriverContextCustomizerFactory$Customizer@4678a2eb, org.springframework.boot.test.context.filter.ExcludeFilterContextCustomizer@1fdfafd2, org.springframework.boot.test.json.DuplicateJsonObjectContextCustomizerFactory$DuplicateJsonObjectContextCustomizer@6d304f9d, org.springframework.boot.test.mock.mockito.MockitoContextCustomizer@0, org.springframework.boot.test.web.client.TestRestTemplateContextCustomizer@666b83a4, org.springframework.boot.test.context.SpringBootTestArgs@1, org.springframework.boot.test.context.SpringBootTestWebEnvironment@495ee280], resourceBasePath = 'src/main/webapp', contextLoader = 'org.springframework.boot.test.context.SpringBootContextLoader', parent = [null]], attributes = map['org.springframework.test.context.web.ServletTestExecutionListener.activateListener' -> true, 'org.springframework.test.context.web.ServletTestExecutionListener.populatedRequestContextHolder' -> true, 'org.springframework.test.context.web.ServletTestExecutionListener.resetRequestContextHolder' -> true, 'org.springframework.test.context.event.ApplicationEventsTestExecutionListener.recordApplicationEvents' -> false]]
2023-12-21 12:45:23.598  INFO 19872 --- [    Test worker] o.s.t.c.transaction.TransactionContext   : Began transaction (1) for test context [DefaultTestContext@5ec921f1 testClass = OrderServiceTest, testInstance = jpabook.jpashop.service.OrderServiceTest@21553c3a, testMethod = 상품주문@OrderServiceTest, testException = [null], mergedContextConfiguration = [WebMergedContextConfiguration@174e5929 testClass = OrderServiceTest, locations = '{}', classes = '{class jpabook.jpashop.JpashopApplication}', contextInitializerClasses = '[]', activeProfiles = '{}', propertySourceLocations = '{}', propertySourceProperties = '{org.springframework.boot.test.context.SpringBootTestContextBootstrapper=true}', contextCustomizers = set[org.springframework.boot.test.autoconfigure.actuate.metrics.MetricsExportContextCustomizerFactory$DisableMetricExportContextCustomizer@60d1a32f, org.springframework.boot.test.autoconfigure.properties.PropertyMappingContextCustomizer@0, org.springframework.boot.test.autoconfigure.web.servlet.WebDriverContextCustomizerFactory$Customizer@4678a2eb, org.springframework.boot.test.context.filter.ExcludeFilterContextCustomizer@1fdfafd2, org.springframework.boot.test.json.DuplicateJsonObjectContextCustomizerFactory$DuplicateJsonObjectContextCustomizer@6d304f9d, org.springframework.boot.test.mock.mockito.MockitoContextCustomizer@0, org.springframework.boot.test.web.client.TestRestTemplateContextCustomizer@666b83a4, org.springframework.boot.test.context.SpringBootTestArgs@1, org.springframework.boot.test.context.SpringBootTestWebEnvironment@495ee280], resourceBasePath = 'src/main/webapp', contextLoader = 'org.springframework.boot.test.context.SpringBootContextLoader', parent = [null]], attributes = map['org.springframework.test.context.web.ServletTestExecutionListener.activateListener' -> true, 'org.springframework.test.context.web.ServletTestExecutionListener.populatedRequestContextHolder' -> true, 'org.springframework.test.context.web.ServletTestExecutionListener.resetRequestContextHolder' -> true, 'org.springframework.test.context.event.ApplicationEventsTestExecutionListener.recordApplicationEvents' -> false]]; transaction manager [org.springframework.orm.jpa.JpaTransactionManager@1bf4a79b]; rollback [true]
2023-12-21 12:45:23.600 DEBUG 19872 --- [    Test worker] org.hibernate.SQL                        : 
    call next value for hibernate_sequence
2023-12-21 12:45:23.601  INFO 19872 --- [    Test worker] p6spy                                    : #1703130323601 | took 0ms | statement | connection 6| url jdbc:h2:mem:test
call next value for hibernate_sequence
call next value for hibernate_sequence;
2023-12-21 12:45:23.603 DEBUG 19872 --- [    Test worker] org.hibernate.SQL                        : 
    call next value for hibernate_sequence
2023-12-21 12:45:23.604  INFO 19872 --- [    Test worker] p6spy                                    : #1703130323603 | took 0ms | statement | connection 6| url jdbc:h2:mem:test
call next value for hibernate_sequence
call next value for hibernate_sequence;
2023-12-21 12:45:23.617 DEBUG 19872 --- [    Test worker] org.hibernate.SQL                        : 
    call next value for hibernate_sequence
2023-12-21 12:45:23.617  INFO 19872 --- [    Test worker] p6spy                                    : #1703130323617 | took 0ms | statement | connection 6| url jdbc:h2:mem:test
call next value for hibernate_sequence
call next value for hibernate_sequence;
2023-12-21 12:45:23.618 DEBUG 19872 --- [    Test worker] org.hibernate.SQL                        : 
    call next value for hibernate_sequence
2023-12-21 12:45:23.619  INFO 19872 --- [    Test worker] p6spy                                    : #1703130323619 | took 0ms | statement | connection 6| url jdbc:h2:mem:test
call next value for hibernate_sequence
call next value for hibernate_sequence;
2023-12-21 12:45:23.622 DEBUG 19872 --- [    Test worker] org.hibernate.SQL                        : 
    call next value for hibernate_sequence
2023-12-21 12:45:23.622  INFO 19872 --- [    Test worker] p6spy                                    : #1703130323622 | took 0ms | statement | connection 6| url jdbc:h2:mem:test
call next value for hibernate_sequence
call next value for hibernate_sequence;
2023-12-21 12:45:23.627  INFO 19872 --- [    Test worker] p6spy                                    : #1703130323627 | took 0ms | rollback | connection 6| url jdbc:h2:mem:test

;
2023-12-21 12:45:23.627  INFO 19872 --- [    Test worker] o.s.t.c.transaction.TransactionContext   : Rolled back transaction for test: [DefaultTestContext@5ec921f1 testClass = OrderServiceTest, testInstance = jpabook.jpashop.service.OrderServiceTest@21553c3a, testMethod = 상품주문@OrderServiceTest, testException = [null], mergedContextConfiguration = [WebMergedContextConfiguration@174e5929 testClass = OrderServiceTest, locations = '{}', classes = '{class jpabook.jpashop.JpashopApplication}', contextInitializerClasses = '[]', activeProfiles = '{}', propertySourceLocations = '{}', propertySourceProperties = '{org.springframework.boot.test.context.SpringBootTestContextBootstrapper=true}', contextCustomizers = set[org.springframework.boot.test.autoconfigure.actuate.metrics.MetricsExportContextCustomizerFactory$DisableMetricExportContextCustomizer@60d1a32f, org.springframework.boot.test.autoconfigure.properties.PropertyMappingContextCustomizer@0, org.springframework.boot.test.autoconfigure.web.servlet.WebDriverContextCustomizerFactory$Customizer@4678a2eb, org.springframework.boot.test.context.filter.ExcludeFilterContextCustomizer@1fdfafd2, org.springframework.boot.test.json.DuplicateJsonObjectContextCustomizerFactory$DuplicateJsonObjectContextCustomizer@6d304f9d, org.springframework.boot.test.mock.mockito.MockitoContextCustomizer@0, org.springframework.boot.test.web.client.TestRestTemplateContextCustomizer@666b83a4, org.springframework.boot.test.context.SpringBootTestArgs@1, org.springframework.boot.test.context.SpringBootTestWebEnvironment@495ee280], resourceBasePath = 'src/main/webapp', contextLoader = 'org.springframework.boot.test.context.SpringBootContextLoader', parent = [null]], attributes = map['org.springframework.test.context.web.ServletTestExecutionListener.activateListener' -> true, 'org.springframework.test.context.web.ServletTestExecutionListener.populatedRequestContextHolder' -> true, 'org.springframework.test.context.web.ServletTestExecutionListener.resetRequestContextHolder' -> true, 'org.springframework.test.context.event.ApplicationEventsTestExecutionListener.recordApplicationEvents' -> false]]
2023-12-21 12:45:23.631  INFO 19872 --- [    Test worker] o.s.t.c.transaction.TransactionContext   : Began transaction (1) for test context [DefaultTestContext@5ec921f1 testClass = OrderServiceTest, testInstance = jpabook.jpashop.service.OrderServiceTest@a6fc2e1, testMethod = 주문취소@OrderServiceTest, testException = [null], mergedContextConfiguration = [WebMergedContextConfiguration@174e5929 testClass = OrderServiceTest, locations = '{}', classes = '{class jpabook.jpashop.JpashopApplication}', contextInitializerClasses = '[]', activeProfiles = '{}', propertySourceLocations = '{}', propertySourceProperties = '{org.springframework.boot.test.context.SpringBootTestContextBootstrapper=true}', contextCustomizers = set[org.springframework.boot.test.autoconfigure.actuate.metrics.MetricsExportContextCustomizerFactory$DisableMetricExportContextCustomizer@60d1a32f, org.springframework.boot.test.autoconfigure.properties.PropertyMappingContextCustomizer@0, org.springframework.boot.test.autoconfigure.web.servlet.WebDriverContextCustomizerFactory$Customizer@4678a2eb, org.springframework.boot.test.context.filter.ExcludeFilterContextCustomizer@1fdfafd2, org.springframework.boot.test.json.DuplicateJsonObjectContextCustomizerFactory$DuplicateJsonObjectContextCustomizer@6d304f9d, org.springframework.boot.test.mock.mockito.MockitoContextCustomizer@0, org.springframework.boot.test.web.client.TestRestTemplateContextCustomizer@666b83a4, org.springframework.boot.test.context.SpringBootTestArgs@1, org.springframework.boot.test.context.SpringBootTestWebEnvironment@495ee280], resourceBasePath = 'src/main/webapp', contextLoader = 'org.springframework.boot.test.context.SpringBootContextLoader', parent = [null]], attributes = map['org.springframework.test.context.web.ServletTestExecutionListener.activateListener' -> true, 'org.springframework.test.context.web.ServletTestExecutionListener.populatedRequestContextHolder' -> true, 'org.springframework.test.context.web.ServletTestExecutionListener.resetRequestContextHolder' -> true, 'org.springframework.test.context.event.ApplicationEventsTestExecutionListener.recordApplicationEvents' -> false]]; transaction manager [org.springframework.orm.jpa.JpaTransactionManager@1bf4a79b]; rollback [true]
2023-12-21 12:45:23.633 DEBUG 19872 --- [    Test worker] org.hibernate.SQL                        : 
    call next value for hibernate_sequence
2023-12-21 12:45:23.633  INFO 19872 --- [    Test worker] p6spy                                    : #1703130323633 | took 0ms | statement | connection 7| url jdbc:h2:mem:test
call next value for hibernate_sequence
call next value for hibernate_sequence;
2023-12-21 12:45:23.634 DEBUG 19872 --- [    Test worker] org.hibernate.SQL                        : 
    call next value for hibernate_sequence
2023-12-21 12:45:23.634  INFO 19872 --- [    Test worker] p6spy                                    : #1703130323634 | took 0ms | statement | connection 7| url jdbc:h2:mem:test
call next value for hibernate_sequence
call next value for hibernate_sequence;
2023-12-21 12:45:23.635 DEBUG 19872 --- [    Test worker] org.hibernate.SQL                        : 
    call next value for hibernate_sequence
2023-12-21 12:45:23.635  INFO 19872 --- [    Test worker] p6spy                                    : #1703130323635 | took 0ms | statement | connection 7| url jdbc:h2:mem:test
call next value for hibernate_sequence
call next value for hibernate_sequence;
2023-12-21 12:45:23.636 DEBUG 19872 --- [    Test worker] org.hibernate.SQL                        : 
    call next value for hibernate_sequence
2023-12-21 12:45:23.636  INFO 19872 --- [    Test worker] p6spy                                    : #1703130323636 | took 0ms | statement | connection 7| url jdbc:h2:mem:test
call next value for hibernate_sequence
call next value for hibernate_sequence;
2023-12-21 12:45:23.636 DEBUG 19872 --- [    Test worker] org.hibernate.SQL                        : 
    call next value for hibernate_sequence
2023-12-21 12:45:23.637  INFO 19872 --- [    Test worker] p6spy                                    : #1703130323637 | took 0ms | statement | connection 7| url jdbc:h2:mem:test
call next value for hibernate_sequence
call next value for hibernate_sequence;
2023-12-21 12:45:23.643  INFO 19872 --- [    Test worker] p6spy                                    : #1703130323642 | took 0ms | rollback | connection 7| url jdbc:h2:mem:test

;
2023-12-21 12:45:23.643  INFO 19872 --- [    Test worker] o.s.t.c.transaction.TransactionContext   : Rolled back transaction for test: [DefaultTestContext@5ec921f1 testClass = OrderServiceTest, testInstance = jpabook.jpashop.service.OrderServiceTest@a6fc2e1, testMethod = 주문취소@OrderServiceTest, testException = [null], mergedContextConfiguration = [WebMergedContextConfiguration@174e5929 testClass = OrderServiceTest, locations = '{}', classes = '{class jpabook.jpashop.JpashopApplication}', contextInitializerClasses = '[]', activeProfiles = '{}', propertySourceLocations = '{}', propertySourceProperties = '{org.springframework.boot.test.context.SpringBootTestContextBootstrapper=true}', contextCustomizers = set[org.springframework.boot.test.autoconfigure.actuate.metrics.MetricsExportContextCustomizerFactory$DisableMetricExportContextCustomizer@60d1a32f, org.springframework.boot.test.autoconfigure.properties.PropertyMappingContextCustomizer@0, org.springframework.boot.test.autoconfigure.web.servlet.WebDriverContextCustomizerFactory$Customizer@4678a2eb, org.springframework.boot.test.context.filter.ExcludeFilterContextCustomizer@1fdfafd2, org.springframework.boot.test.json.DuplicateJsonObjectContextCustomizerFactory$DuplicateJsonObjectContextCustomizer@6d304f9d, org.springframework.boot.test.mock.mockito.MockitoContextCustomizer@0, org.springframework.boot.test.web.client.TestRestTemplateContextCustomizer@666b83a4, org.springframework.boot.test.context.SpringBootTestArgs@1, org.springframework.boot.test.context.SpringBootTestWebEnvironment@495ee280], resourceBasePath = 'src/main/webapp', contextLoader = 'org.springframework.boot.test.context.SpringBootContextLoader', parent = [null]], attributes = map['org.springframework.test.context.web.ServletTestExecutionListener.activateListener' -> true, 'org.springframework.test.context.web.ServletTestExecutionListener.populatedRequestContextHolder' -> true, 'org.springframework.test.context.web.ServletTestExecutionListener.resetRequestContextHolder' -> true, 'org.springframework.test.context.event.ApplicationEventsTestExecutionListener.recordApplicationEvents' -> false]]
]]></system-out>
  <system-err><![CDATA[]]></system-err>
</testsuite>
